TN:
SF:src/slices/burgerConstructorSlice.ts
FN:20,reducer
FN:30,prepare
FN:35,removeIngredient
FN:45,changeIngredientsOrder
FN:67,resetConstructor
FN:73,burgerConstructorSelector
FNF:6
FNH:4
FNDA:2,reducer
FNDA:0,prepare
FNDA:2,removeIngredient
FNDA:2,changeIngredientsOrder
FNDA:1,resetConstructor
FNDA:0,burgerConstructorSelector
DA:1,1
DA:2,1
DA:3,1
DA:4,1
DA:5,1
DA:6,1
DA:7,1
DA:8,1
DA:9,1
DA:10,1
DA:11,1
DA:12,1
DA:13,1
DA:14,1
DA:15,1
DA:16,1
DA:17,1
DA:18,1
DA:19,1
DA:20,1
DA:21,2
DA:22,2
DA:23,2
DA:24,2
DA:25,1
DA:26,1
DA:27,1
DA:28,1
DA:29,1
DA:30,1
DA:31,0
DA:32,0
DA:33,0
DA:34,1
DA:35,1
DA:36,2
DA:37,2
DA:38,2
DA:39,2
DA:40,1
DA:41,1
DA:42,1
DA:43,1
DA:44,1
DA:45,1
DA:46,2
DA:47,2
DA:48,1
DA:49,1
DA:50,1
DA:51,1
DA:52,1
DA:53,1
DA:54,1
DA:55,1
DA:56,2
DA:57,1
DA:58,1
DA:59,1
DA:60,1
DA:61,1
DA:62,1
DA:63,1
DA:64,1
DA:65,2
DA:66,1
DA:67,1
DA:68,1
DA:69,1
DA:70,1
DA:71,1
DA:72,1
DA:73,1
DA:74,1
DA:75,1
DA:76,1
DA:77,1
DA:78,1
DA:79,1
DA:80,1
DA:81,1
DA:82,1
DA:83,1
LF:83
LH:80
BRDA:20,0,0,2
BRDA:24,1,0,1
BRDA:35,2,0,2
BRDA:39,3,0,1
BRDA:45,4,0,2
BRDA:47,5,0,1
BRDA:56,6,0,1
BRDA:67,7,0,1
BRF:8
BRH:8
end_of_record
